<?xml version="1.0" encoding="UTF-8"?>
<!-- Generated by org.testng.reporters.JUnitReportReporter -->
<testsuite hostname="RAHUL" failures="0" tests="5" name="com.self.tests.AdminTest" time="213.902" errors="0" timestamp="2024-01-28T22:55:17 IST" skipped="0">
  <testcase classname="com.self.tests.AdminTest" name="createsJobTitle" time="47.643"/>
  <system-out/>
  <testcase classname="com.self.tests.AdminTest" name="createsPayGrade" time="47.187"/>
  <system-out/>
  <testcase classname="com.self.tests.AdminTest" name="createsEmploymentStatus" time="39.759"/>
  <system-out/>
  <testcase classname="com.self.tests.AdminTest" name="createsJobCategories" time="35.510"/>
  <system-out/>
  <testcase classname="com.self.tests.AdminTest" name="updatesGeneralInformationData" time="43.803"/>
  <system-out/>
</testsuite> <!-- com.self.tests.AdminTest -->
