<?xml version="1.0" encoding="UTF-8"?>
<!-- Generated by org.testng.reporters.JUnitReportReporter -->
<testsuite hostname="RAHUL" failures="0" tests="2" name="com.self.tests.PIMTest" time="72.875" errors="0" timestamp="2024-01-28T22:55:17 IST" skipped="0">
  <testcase classname="com.self.tests.PIMTest" name="creationOfEmployee" time="34.888"/>
  <system-out/>
  <testcase classname="com.self.tests.PIMTest" name="deletionOfEmployeeFromEmployeeList" time="37.987"/>
  <system-out/>
</testsuite> <!-- com.self.tests.PIMTest -->
