<?xml version="1.0" encoding="UTF-8"?>
<!-- Generated by org.testng.reporters.JUnitReportReporter -->
<testsuite hostname="RAHUL" failures="0" tests="1" name="com.self.tests.LoginTest" time="34.525" errors="0" timestamp="2024-01-28T22:55:17 IST" skipped="0">
  <testcase classname="com.self.tests.LoginTest" name="login" time="34.525"/>
  <system-out/>
</testsuite> <!-- com.self.tests.LoginTest -->
