<?xml version="1.0" encoding="UTF-8"?>
<!-- Generated by org.testng.reporters.JUnitReportReporter -->
<testsuite hostname="RAHUL" failures="0" tests="2" name="com.self.tests.PIMTest" time="30.162" errors="0" timestamp="2024-02-18T21:50:46 IST" skipped="0">
  <testcase classname="com.self.tests.PIMTest" name="creationOfEmployee" time="14.779"/>
  <system-out/>
  <testcase classname="com.self.tests.PIMTest" name="deletionOfEmployeeFromEmployeeList" time="15.383"/>
  <system-out/>
</testsuite> <!-- com.self.tests.PIMTest -->
