<?xml version="1.0" encoding="UTF-8"?>
<!-- Generated by org.testng.reporters.JUnitReportReporter -->
<testsuite hostname="RAHUL" failures="0" tests="5" name="com.self.tests.AdminTest" time="100.467" errors="0" timestamp="2024-02-18T21:50:46 IST" skipped="0">
  <testcase classname="com.self.tests.AdminTest" name="createsJobTitle" time="20.977"/>
  <system-out/>
  <testcase classname="com.self.tests.AdminTest" name="createsPayGrade" time="20.761"/>
  <system-out/>
  <testcase classname="com.self.tests.AdminTest" name="createsEmploymentStatus" time="19.800"/>
  <system-out/>
  <testcase classname="com.self.tests.AdminTest" name="createsJobCategories" time="20.663"/>
  <system-out/>
  <testcase classname="com.self.tests.AdminTest" name="updatesGeneralInformationData" time="18.266"/>
  <system-out/>
</testsuite> <!-- com.self.tests.AdminTest -->
